Started GET "/" for ::1 at 2024-04-26 11:14:05 -0700
  [1m[35m (0.4ms)[0m  [1m[35mCREATE TABLE "schema_migrations" ("version" varchar NOT NULL PRIMARY KEY)[0m
  [1m[35m (0.1ms)[0m  [1m[35mCREATE TABLE "ar_internal_metadata" ("key" varchar NOT NULL PRIMARY KEY, "value" varchar, "created_at" datetime(6) NOT NULL, "updated_at" datetime(6) NOT NULL)[0m
  [1m[36mActiveRecord::SchemaMigration Load (0.1ms)[0m  [1m[34mSELECT "schema_migrations"."version" FROM "schema_migrations" ORDER BY "schema_migrations"."version" ASC[0m
Processing by Rails::WelcomeController#index as HTML
  Rendering /Users/marci/.rbenv/versions/3.1.1/lib/ruby/gems/3.1.0/gems/railties-7.1.3.2/lib/rails/templates/rails/welcome/index.html.erb
  Rendered /Users/marci/.rbenv/versions/3.1.1/lib/ruby/gems/3.1.0/gems/railties-7.1.3.2/lib/rails/templates/rails/welcome/index.html.erb (Duration: 0.3ms | Allocations: 383)
Completed 200 OK in 12ms (Views: 3.4ms | ActiveRecord: 0.0ms | Allocations: 7491)


Started GET "/articles" for ::1 at 2024-04-26 11:15:53 -0700
Processing by ArticlesController#index as HTML
  Rendering layout layouts/application.html.erb
  Rendering articles/index.html.erb within layouts/application
  Rendered articles/index.html.erb within layouts/application (Duration: 0.1ms | Allocations: 115)
  Rendered layout layouts/application.html.erb (Duration: 118.7ms | Allocations: 97557)
Completed 200 OK in 120ms (Views: 119.5ms | ActiveRecord: 0.0ms | Allocations: 98734)


Started GET "/" for ::1 at 2024-04-26 11:16:07 -0700
Processing by Rails::WelcomeController#index as HTML
  Rendering /Users/marci/.rbenv/versions/3.1.1/lib/ruby/gems/3.1.0/gems/railties-7.1.3.2/lib/rails/templates/rails/welcome/index.html.erb
  Rendered /Users/marci/.rbenv/versions/3.1.1/lib/ruby/gems/3.1.0/gems/railties-7.1.3.2/lib/rails/templates/rails/welcome/index.html.erb (Duration: 0.3ms | Allocations: 290)
Completed 200 OK in 2ms (Views: 0.7ms | ActiveRecord: 0.0ms | Allocations: 1094)


Started GET "/articles" for ::1 at 2024-04-26 11:16:11 -0700
Processing by ArticlesController#index as HTML
  Rendering layout layouts/application.html.erb
  Rendering articles/index.html.erb within layouts/application
  Rendered articles/index.html.erb within layouts/application (Duration: 0.5ms | Allocations: 110)
  Rendered layout layouts/application.html.erb (Duration: 28.6ms | Allocations: 17773)
Completed 200 OK in 32ms (Views: 30.9ms | ActiveRecord: 0.0ms | Allocations: 18794)


Started GET "/articles" for ::1 at 2024-04-26 11:16:57 -0700
Processing by ArticlesController#index as HTML
  Rendering layout layouts/application.html.erb
  Rendering articles/index.html.erb within layouts/application
  Rendered articles/index.html.erb within layouts/application (Duration: 0.1ms | Allocations: 112)
  Rendered layout layouts/application.html.erb (Duration: 5.5ms | Allocations: 15816)
Completed 200 OK in 7ms (Views: 6.1ms | ActiveRecord: 0.0ms | Allocations: 16901)


Started GET "/articles" for ::1 at 2024-04-26 11:16:57 -0700
Processing by ArticlesController#index as HTML
  Rendering layout layouts/application.html.erb
  Rendering articles/index.html.erb within layouts/application
  Rendered articles/index.html.erb within layouts/application (Duration: 0.1ms | Allocations: 6)
  Rendered layout layouts/application.html.erb (Duration: 3.6ms | Allocations: 1430)
Completed 200 OK in 5ms (Views: 4.3ms | ActiveRecord: 0.0ms | Allocations: 1698)


Started GET "/" for ::1 at 2024-04-26 11:16:58 -0700
Processing by ArticlesController#index as HTML
  Rendering layout layouts/application.html.erb
  Rendering articles/index.html.erb within layouts/application
  Rendered articles/index.html.erb within layouts/application (Duration: 0.0ms | Allocations: 6)
  Rendered layout layouts/application.html.erb (Duration: 2.2ms | Allocations: 1409)
Completed 200 OK in 3ms (Views: 2.8ms | ActiveRecord: 0.0ms | Allocations: 1659)


